3/21/2017 11:26:12 PM	This log contains information about the import schema operation into project 'ToystoreDB' on computer 'martysServer' by user 'martycurran'.
3/21/2017 11:26:13 PM	Import of database schema has started.
3/21/2017 11:26:14 PM	Gathering logins
3/21/2017 11:26:54 PM	Gathering database options
3/21/2017 11:26:54 PM	Gathering users
3/21/2017 11:26:54 PM	Gathering roles
3/21/2017 11:26:54 PM	Gathering application roles
3/21/2017 11:26:54 PM	Gathering role memberships
3/21/2017 11:26:54 PM	Gathering filegroups
3/21/2017 11:26:54 PM	Gathering full-text catalogs
3/21/2017 11:26:54 PM	Gathering assemblies
3/21/2017 11:26:54 PM	Gathering certificates
3/21/2017 11:26:54 PM	Gathering symmetric keys
3/21/2017 11:26:54 PM	Gathering encrypted symmetric keys
3/21/2017 11:26:54 PM	Gathering schemas
3/21/2017 11:26:54 PM	Gathering XML schema collections
3/21/2017 11:26:54 PM	Gathering user-defined data types
3/21/2017 11:26:54 PM	Gathering user-defined types
3/21/2017 11:26:54 PM	Gathering table types
3/21/2017 11:26:54 PM	Gathering unique keys for table types
3/21/2017 11:26:54 PM	Gathering primary keys for table types
3/21/2017 11:26:54 PM	Gathering indexes for table types
3/21/2017 11:26:54 PM	Gathering check constraints for table types
3/21/2017 11:26:54 PM	Gathering default constraints for table types
3/21/2017 11:26:54 PM	Gathering partition functions
3/21/2017 11:26:54 PM	Gathering partition schemes
3/21/2017 11:26:54 PM	Gathering functions
3/21/2017 11:26:54 PM	Gathering encrypted functions
3/21/2017 11:26:54 PM	Gathering aggregates
3/21/2017 11:26:54 PM	Gathering procedures
3/21/2017 11:26:54 PM	Gathering encrypted procedures
3/21/2017 11:26:54 PM	Gathering tables
3/21/2017 11:26:55 PM	Gathering primary keys
3/21/2017 11:26:55 PM	Gathering unique constraints
3/21/2017 11:26:55 PM	Gathering foreign keys
3/21/2017 11:26:55 PM	Gathering default constraints
3/21/2017 11:26:55 PM	Gathering check constraints
3/21/2017 11:26:55 PM	Gathering views
3/21/2017 11:26:55 PM	Gathering encrypted views
3/21/2017 11:26:55 PM	Gathering indexes
3/21/2017 11:26:55 PM	Gathering statistics
3/21/2017 11:26:55 PM	Gathering full-text index stoplists
3/21/2017 11:26:55 PM	Gathering search property lists
3/21/2017 11:26:55 PM	Gathering search properties
3/21/2017 11:26:55 PM	Gathering full-text indexes
3/21/2017 11:26:55 PM	Gathering column store indexes
3/21/2017 11:26:55 PM	Gathering spatial indexes
3/21/2017 11:26:55 PM	Gathering XML indexes
3/21/2017 11:26:55 PM	Gathering Selective XML indexes
3/21/2017 11:26:55 PM	Gathering encrypted triggers
3/21/2017 11:26:55 PM	Gathering triggers
3/21/2017 11:26:55 PM	Gathering encrypted and clr ddl triggers
3/21/2017 11:26:55 PM	Gathering ddl triggers
3/21/2017 11:26:55 PM	Gathering synonyms
3/21/2017 11:26:55 PM	Gathering defaults
3/21/2017 11:26:55 PM	Gathering data constraint uddt bindings
3/21/2017 11:26:55 PM	Gathering rules
3/21/2017 11:26:55 PM	Gathering data constraint uddt bindings
3/21/2017 11:26:55 PM	Gathering message types
3/21/2017 11:26:55 PM	Gathering queues
3/21/2017 11:26:55 PM	Gathering contracts
3/21/2017 11:26:55 PM	Gathering services
3/21/2017 11:26:55 PM	Gathering event notifications
3/21/2017 11:26:55 PM	Gathering remote service bindings
3/21/2017 11:26:55 PM	Gathering broker priorities
3/21/2017 11:26:55 PM	Gathering signatures
3/21/2017 11:26:55 PM	Gathering data compression options
3/21/2017 11:26:55 PM	Gathering sequence types
3/21/2017 11:26:55 PM	Gathering security policies
3/21/2017 11:26:55 PM	Gather column encryption keys
3/21/2017 11:26:55 PM	Gathering column master keys
3/21/2017 11:26:55 PM	Gathering external data sources
3/21/2017 11:26:55 PM	Gathering external tables
3/21/2017 11:26:55 PM	Gathering extended properties
3/21/2017 11:26:55 PM	Gathering logins
3/21/2017 11:26:56 PM	Scanning project for duplicate elements
3/21/2017 11:26:57 PM	Finished duplicate element processing
3/21/2017 11:26:57 PM	Finished importing database.
3/21/2017 11:26:57 PM	A summary of the import was saved to the following location: C:\ToyStore\ToystoreDB\Import Schema Logs\ToystoreDB_20170321112612.log
3/21/2017 11:26:58 PM	Click Finish to continue...
